#
# There is insufficient memory for the Java Runtime Environment to continue.
# Native memory allocation (malloc) failed to allocate 2414176 bytes for Chunk::new
# Possible reasons:
#   The system is out of physical RAM or swap space
#   The process is running with CompressedOops enabled, and the Java Heap may be blocking the growth of the native heap
# Possible solutions:
#   Reduce memory load on the system
#   Increase physical memory or swap space
#   Check if swap backing store is full
#   Decrease Java heap size (-Xmx/-Xms)
#   Decrease number of Java threads
#   Decrease Java thread stack sizes (-Xss)
#   Set larger code cache with -XX:ReservedCodeCacheSize=
#   JVM is running with Zero Based Compressed Oops mode in which the Java heap is
#     placed in the first 32GB address space. The Java Heap base address is the
#     maximum limit for the native heap growth. Please use -XX:HeapBaseMinAddress
#     to set the Java Heap base and to place the Java Heap above 32GB virtual address.
# This output file may be truncated or incomplete.
#
#  Out of Memory Error (arena.cpp:189), pid=2756, tid=16180
#
# JRE version: Java(TM) SE Runtime Environment (17.0.11+7) (build 17.0.11+7-LTS-207)
# Java VM: Java HotSpot(TM) 64-Bit Server VM (17.0.11+7-LTS-207, mixed mode, sharing, tiered, compressed oops, compressed class ptrs, g1 gc, windows-amd64)
# No core dump will be written. Minidumps are not enabled by default on client versions of Windows
#

---------------  S U M M A R Y ------------

Command Line: -Dmaven.multiModuleProjectDirectory=E:\Manasa\Interview\Selenium_Java_Automation\Exact_Automation_Assesment -Djansi.passthrough=true -Dmaven.home=C:/Program Files/JetBrains/IntelliJ IDEA Community Edition 2025.1.3/plugins/maven/lib/maven3 -Dclassworlds.conf=C:\Program Files\JetBrains\IntelliJ IDEA Community Edition 2025.1.3\plugins\maven\lib\maven3\bin\m2.conf -Dmaven.ext.class.path=C:\Program Files\JetBrains\IntelliJ IDEA Community Edition 2025.1.3\plugins\maven\lib\maven-event-listener.jar -javaagent:C:\Program Files\JetBrains\IntelliJ IDEA Community Edition 2025.1.3\lib\idea_rt.jar=63724 -Dfile.encoding=UTF-8 org.codehaus.classworlds.Launcher -Didea.version=2025.1.3 clean install

Host: 13th Gen Intel(R) Core(TM) i7-1360P, 16 cores, 15G,  Windows 11 , 64 bit Build 22621 (10.0.22621.5415)
Time: Wed Jul 23 18:20:43 2025 W. Europe Daylight Time elapsed time: 5.229892 seconds (0d 0h 0m 5s)

---------------  T H R E A D  ---------------

Current thread (0x000002010eaf0810):  JavaThread "C2 CompilerThread6" daemon [_thread_in_native, id=16180, stack(0x000000be8a500000,0x000000be8a600000)]


Current CompileTask:
C2:   5229 7752       4       org.codehaus.plexus.classworlds.realm.ClassRealm::loadClass (7 bytes)

Stack: [0x000000be8a500000,0x000000be8a600000]
Native frames: (J=compiled Java code, j=interpreted, Vv=VM code, C=native code)
V  [jvm.dll+0x679cca]
V  [jvm.dll+0x7da13d]
V  [jvm.dll+0x7dba83]
V  [jvm.dll+0x7dc0f3]
V  [jvm.dll+0x2449af]
V  [jvm.dll+0xab83b]
V  [jvm.dll+0xabe1c]
V  [jvm.dll+0x2a9e6f]
V  [jvm.dll+0x5818d9]
V  [jvm.dll+0x21ed62]
V  [jvm.dll+0x217cf6]
V  [jvm.dll+0x215505]
V  [jvm.dll+0x1a2040]
V  [jvm.dll+0x225a2b]
V  [jvm.dll+0x223bcb]
V  [jvm.dll+0x7903ec]
V  [jvm.dll+0x78a85a]
V  [jvm.dll+0x678bb5]
C  [ucrtbase.dll+0x29333]
C  [KERNEL32.DLL+0x1259d]
C  [ntdll.dll+0x5af78]


---------------  P R O C E S S  ---------------

Threads class SMR info:
_java_thread_list=0x000002010d976950, length=29, elements={
0x00000200a2e156b0, 0x00000200c5b26790, 0x00000200c5b27610, 0x00000200c5b37920,
0x00000200c5b382e0, 0x00000200c5b38ca0, 0x00000200c5b39660, 0x00000200c5b3c410,
0x00000200c5b3cec0, 0x00000200c5b3f8d0, 0x00000200c5b8e490, 0x00000200c5b13f50,
0x00000200c65e08b0, 0x00000200c65d7c40, 0x00000200c65dc180, 0x00000200c663e110,
0x00000200c663e5f0, 0x000002010c33aef0, 0x000002010c798dc0, 0x000002010d0c85d0,
0x000002010eaefd70, 0x000002010eaef820, 0x000002010eaf0810, 0x000002010cba14c0,
0x000002010cba1ee0, 0x000002010cba2900, 0x000002010eb2d8d0, 0x000002010eb27db0,
0x000002010eb2e800
}

Java Threads: ( => current thread )
  0x00000200a2e156b0 JavaThread "main" [_thread_in_native, id=25788, stack(0x000000be87a00000,0x000000be87b00000)]
  0x00000200c5b26790 JavaThread "Reference Handler" daemon [_thread_blocked, id=15788, stack(0x000000be88100000,0x000000be88200000)]
  0x00000200c5b27610 JavaThread "Finalizer" daemon [_thread_blocked, id=27244, stack(0x000000be88200000,0x000000be88300000)]
  0x00000200c5b37920 JavaThread "Signal Dispatcher" daemon [_thread_blocked, id=8076, stack(0x000000be88300000,0x000000be88400000)]
  0x00000200c5b382e0 JavaThread "Attach Listener" daemon [_thread_blocked, id=15428, stack(0x000000be88400000,0x000000be88500000)]
  0x00000200c5b38ca0 JavaThread "Service Thread" daemon [_thread_blocked, id=20324, stack(0x000000be88500000,0x000000be88600000)]
  0x00000200c5b39660 JavaThread "Monitor Deflation Thread" daemon [_thread_blocked, id=23672, stack(0x000000be88600000,0x000000be88700000)]
  0x00000200c5b3c410 JavaThread "C2 CompilerThread0" daemon [_thread_blocked, id=28524, stack(0x000000be88700000,0x000000be88800000)]
  0x00000200c5b3cec0 JavaThread "C1 CompilerThread0" daemon [_thread_blocked, id=26064, stack(0x000000be88800000,0x000000be88900000)]
  0x00000200c5b3f8d0 JavaThread "Sweeper thread" daemon [_thread_blocked, id=18152, stack(0x000000be88900000,0x000000be88a00000)]
  0x00000200c5b8e490 JavaThread "C1 CompilerThread1" daemon [_thread_blocked, id=10732, stack(0x000000be88a00000,0x000000be88b00000)]
  0x00000200c5b13f50 JavaThread "Common-Cleaner" daemon [_thread_blocked, id=11352, stack(0x000000be88b00000,0x000000be88c00000)]
  0x00000200c65e08b0 JavaThread "C1 CompilerThread2" daemon [_thread_blocked, id=25208, stack(0x000000be88c00000,0x000000be88d00000)]
  0x00000200c65d7c40 JavaThread "C1 CompilerThread3" daemon [_thread_blocked, id=12528, stack(0x000000be88d00000,0x000000be88e00000)]
  0x00000200c65dc180 JavaThread "C2 CompilerThread1" daemon [_thread_in_native, id=27160, stack(0x000000be88e00000,0x000000be88f00000)]
  0x00000200c663e110 JavaThread "Monitor Ctrl-Break" daemon [_thread_in_native, id=24768, stack(0x000000be88f00000,0x000000be89000000)]
  0x00000200c663e5f0 JavaThread "Notification Thread" daemon [_thread_blocked, id=26700, stack(0x000000be89000000,0x000000be89100000)]
  0x000002010c33aef0 JavaThread "C2 CompilerThread2" daemon [_thread_blocked, id=19640, stack(0x000000be89200000,0x000000be89300000)]
  0x000002010c798dc0 JavaThread "C2 CompilerThread3" daemon [_thread_blocked, id=4212, stack(0x000000be89900000,0x000000be89a00000)]
  0x000002010d0c85d0 JavaThread "Thread-1" daemon [_thread_blocked, id=21444, stack(0x000000be89a00000,0x000000be89b00000)]
  0x000002010eaefd70 JavaThread "C2 CompilerThread4" daemon [_thread_blocked, id=28820, stack(0x000000be89d00000,0x000000be89e00000)]
  0x000002010eaef820 JavaThread "C2 CompilerThread5" daemon [_thread_blocked, id=9784, stack(0x000000be8a400000,0x000000be8a500000)]
=>0x000002010eaf0810 JavaThread "C2 CompilerThread6" daemon [_thread_in_native, id=16180, stack(0x000000be8a500000,0x000000be8a600000)]
  0x000002010cba14c0 JavaThread "timeout-check-timer" daemon [_thread_blocked, id=3220, stack(0x000000be8a600000,0x000000be8a700000)]
  0x000002010cba1ee0 JavaThread "ping-timer-10s" daemon [_thread_blocked, id=28476, stack(0x000000be8a700000,0x000000be8a800000)]
  0x000002010cba2900 JavaThread "ThreadedStreamConsumer" daemon [_thread_blocked, id=27180, stack(0x000000be8a800000,0x000000be8a900000)]
  0x000002010eb2d8d0 JavaThread "fork-1-err-thread" daemon [_thread_in_native, id=17700, stack(0x000000be8a900000,0x000000be8aa00000)]
  0x000002010eb27db0 JavaThread "commands-fork-1" daemon [_thread_blocked, id=10112, stack(0x000000be8aa00000,0x000000be8ab00000)]
  0x000002010eb2e800 JavaThread "fork-1-event-thread" daemon [_thread_in_native, id=29868, stack(0x000000be8ab00000,0x000000be8ac00000)]

Other Threads:
  0x00000200c5b22b90 VMThread "VM Thread" [stack: 0x000000be88000000,0x000000be88100000] [id=30480]
  0x00000200a2e9aa60 WatcherThread [stack: 0x000000be89100000,0x000000be89200000] [id=5048]
  0x00000200a2e7ec20 GCTaskThread "GC Thread#0" [stack: 0x000000be87b00000,0x000000be87c00000] [id=27052]
  0x000002010c6fcd40 GCTaskThread "GC Thread#1" [stack: 0x000000be89300000,0x000000be89400000] [id=13416]
  0x00000200c6786fb0 GCTaskThread "GC Thread#2" [stack: 0x000000be89400000,0x000000be89500000] [id=28296]
  0x000002010c780900 GCTaskThread "GC Thread#3" [stack: 0x000000be89500000,0x000000be89600000] [id=5084]
  0x000002010c780bc0 GCTaskThread "GC Thread#4" [stack: 0x000000be89600000,0x000000be89700000] [id=25404]
  0x000002010c780e80 GCTaskThread "GC Thread#5" [stack: 0x000000be89700000,0x000000be89800000] [id=20240]
  0x000002010c798b00 GCTaskThread "GC Thread#6" [stack: 0x000000be89800000,0x000000be89900000] [id=10640]
  0x000002010cd55c50 GCTaskThread "GC Thread#7" [stack: 0x000000be89b00000,0x000000be89c00000] [id=22028]
  0x000002010cd56a10 GCTaskThread "GC Thread#8" [stack: 0x000000be89c00000,0x000000be89d00000] [id=14396]
  0x000002010cd56f90 GCTaskThread "GC Thread#9" [stack: 0x000000be89e00000,0x000000be89f00000] [id=29904]
  0x000002010cd55410 GCTaskThread "GC Thread#10" [stack: 0x000000be89f00000,0x000000be8a000000] [id=13756]
  0x000002010cd55990 GCTaskThread "GC Thread#11" [stack: 0x000000be8a000000,0x000000be8a100000] [id=21268]
  0x000002010cd556d0 GCTaskThread "GC Thread#12" [stack: 0x000000be8a100000,0x000000be8a200000] [id=9496]
  0x00000200a2e90600 ConcurrentGCThread "G1 Main Marker" [stack: 0x000000be87c00000,0x000000be87d00000] [id=29544]
  0x00000200a2e91010 ConcurrentGCThread "G1 Conc#0" [stack: 0x000000be87d00000,0x000000be87e00000] [id=3228]
  0x000002010cd55f10 ConcurrentGCThread "G1 Conc#1" [stack: 0x000000be8a200000,0x000000be8a300000] [id=17960]
  0x000002010e0e2ef0 ConcurrentGCThread "G1 Conc#2" [stack: 0x000000be8a300000,0x000000be8a400000] [id=29420]
  0x00000200c5a5ffd0 ConcurrentGCThread "G1 Refine#0" [stack: 0x000000be87e00000,0x000000be87f00000] [id=19384]
  0x00000200c5a60a00 ConcurrentGCThread "G1 Service" [stack: 0x000000be87f00000,0x000000be88000000] [id=22824]

Threads with active compile tasks:
C2 CompilerThread1     5242 7558   !   4       java.lang.ClassLoader::loadClass (121 bytes)
C2 CompilerThread6     5242 7752       4       org.codehaus.plexus.classworlds.realm.ClassRealm::loadClass (7 bytes)

VM state: not at safepoint (normal execution)

VM Mutex/Monitor currently owned by a thread: None

Heap address: 0x0000000705800000, size: 4008 MB, Compressed Oops mode: Zero based, Oop shift amount: 3

CDS archive(s) mapped at: [0x00000200c7000000-0x00000200c7bd0000-0x00000200c7bd0000), size 12386304, SharedBaseAddress: 0x00000200c7000000, ArchiveRelocationMode: 1.
Compressed class space mapped at: 0x00000200c8000000-0x0000020108000000, reserved size: 1073741824
Narrow klass base: 0x00000200c7000000, Narrow klass shift: 0, Narrow klass range: 0x100000000

GC Precious Log:
 CPUs: 16 total, 16 available
 Memory: 16024M
 Large Page Support: Disabled
 NUMA Support: Disabled
 Compressed Oops: Enabled (Zero based)
 Heap Region Size: 2M
 Heap Min Capacity: 8M
 Heap Initial Capacity: 252M
 Heap Max Capacity: 4008M
 Pre-touch: Disabled
 Parallel Workers: 13
 Concurrent Workers: 3
 Concurrent Refinement Workers: 13
 Periodic GC: Disabled

Heap:
 garbage-first heap   total 159744K, used 69212K [0x0000000705800000, 0x0000000800000000)
  region size 2048K, 9 young (18432K), 2 survivors (4096K)
 Metaspace       used 34280K, committed 34688K, reserved 1114112K
  class space    used 3889K, committed 4032K, reserved 1048576K

Heap Regions: E=young(eden), S=young(survivor), O=old, HS=humongous(starts), HC=humongous(continues), CS=collection set, F=free, OA=open archive, CA=closed archive, TAMS=top-at-mark-start (previous, next)
|   0|0x0000000705800000, 0x0000000705a00000, 0x0000000705a00000|100%| O|  |TAMS 0x0000000705a00000, 0x0000000705800000| Untracked 
|   1|0x0000000705a00000, 0x0000000705c00000, 0x0000000705c00000|100%| O|  |TAMS 0x0000000705c00000, 0x0000000705a00000| Untracked 
|   2|0x0000000705c00000, 0x0000000705e00000, 0x0000000705e00000|100%| O|  |TAMS 0x0000000705e00000, 0x0000000705c00000| Untracked 
|   3|0x0000000705e00000, 0x0000000706000000, 0x0000000706000000|100%| O|  |TAMS 0x0000000706000000, 0x0000000705e00000| Untracked 
|   4|0x0000000706000000, 0x0000000706200000, 0x0000000706200000|100%| O|  |TAMS 0x0000000706200000, 0x0000000706000000| Untracked 
|   5|0x0000000706200000, 0x0000000706400000, 0x0000000706400000|100%| O|  |TAMS 0x0000000706400000, 0x0000000706200000| Untracked 
|   6|0x0000000706400000, 0x0000000706600000, 0x0000000706600000|100%| O|  |TAMS 0x0000000706600000, 0x0000000706400000| Untracked 
|   7|0x0000000706600000, 0x0000000706800000, 0x0000000706800000|100%| O|  |TAMS 0x0000000706800000, 0x0000000706600000| Untracked 
|   8|0x0000000706800000, 0x0000000706a00000, 0x0000000706a00000|100%| O|  |TAMS 0x0000000706a00000, 0x0000000706800000| Untracked 
|   9|0x0000000706a00000, 0x0000000706c00000, 0x0000000706c00000|100%| O|  |TAMS 0x0000000706c00000, 0x0000000706a00000| Untracked 
|  10|0x0000000706c00000, 0x0000000706e00000, 0x0000000706e00000|100%| O|  |TAMS 0x0000000706c8f200, 0x0000000706c00000| Untracked 
|  11|0x0000000706e00000, 0x0000000707000000, 0x0000000707000000|100%| O|  |TAMS 0x0000000707000000, 0x0000000706e00000| Untracked 
|  12|0x0000000707000000, 0x0000000707200000, 0x0000000707200000|100%| O|  |TAMS 0x0000000707200000, 0x0000000707000000| Untracked 
|  13|0x0000000707200000, 0x0000000707400000, 0x0000000707400000|100%| O|  |TAMS 0x0000000707400000, 0x0000000707200000| Untracked 
|  14|0x0000000707400000, 0x00000007074ed400, 0x0000000707600000| 46%| O|  |TAMS 0x0000000707400000, 0x0000000707400000| Untracked 
|  15|0x0000000707600000, 0x0000000707800000, 0x0000000707800000|100%| O|  |TAMS 0x0000000707600000, 0x0000000707600000| Untracked 
|  16|0x0000000707800000, 0x0000000707a00000, 0x0000000707a00000|100%| O|  |TAMS 0x0000000707800000, 0x0000000707800000| Untracked 
|  17|0x0000000707a00000, 0x0000000707c00000, 0x0000000707c00000|100%| O|  |TAMS 0x0000000707a00000, 0x0000000707a00000| Untracked 
|  18|0x0000000707c00000, 0x0000000707e00000, 0x0000000707e00000|100%| O|  |TAMS 0x0000000707c00000, 0x0000000707c00000| Untracked 
|  19|0x0000000707e00000, 0x0000000708000000, 0x0000000708000000|100%| O|  |TAMS 0x0000000707e00000, 0x0000000707e00000| Untracked 
|  20|0x0000000708000000, 0x0000000708200000, 0x0000000708200000|100%| O|  |TAMS 0x0000000708000000, 0x0000000708000000| Untracked 
|  21|0x0000000708200000, 0x0000000708400000, 0x0000000708400000|100%| O|  |TAMS 0x0000000708200000, 0x0000000708200000| Untracked 
|  22|0x0000000708400000, 0x0000000708600000, 0x0000000708600000|100%| O|  |TAMS 0x0000000708400000, 0x0000000708400000| Untracked 
|  23|0x0000000708600000, 0x0000000708600000, 0x0000000708800000|  0%| F|  |TAMS 0x0000000708600000, 0x0000000708600000| Untracked 
|  24|0x0000000708800000, 0x0000000708800000, 0x0000000708a00000|  0%| F|  |TAMS 0x0000000708800000, 0x0000000708800000| Untracked 
|  25|0x0000000708a00000, 0x0000000708a00000, 0x0000000708c00000|  0%| F|  |TAMS 0x0000000708a00000, 0x0000000708a00000| Untracked 
|  26|0x0000000708c00000, 0x0000000708e00000, 0x0000000708e00000|100%| O|  |TAMS 0x0000000708c00000, 0x0000000708c00000| Untracked 
|  27|0x0000000708e00000, 0x0000000709000000, 0x0000000709000000|100%| O|  |TAMS 0x0000000708e00000, 0x0000000708e00000| Untracked 
|  28|0x0000000709000000, 0x0000000709200000, 0x0000000709200000|100%| O|  |TAMS 0x0000000709000000, 0x0000000709000000| Untracked 
|  29|0x0000000709200000, 0x0000000709200000, 0x0000000709400000|  0%| F|  |TAMS 0x0000000709200000, 0x0000000709200000| Untracked 
|  30|0x0000000709400000, 0x0000000709400000, 0x0000000709600000|  0%| F|  |TAMS 0x0000000709400000, 0x0000000709400000| Untracked 
|  31|0x0000000709600000, 0x0000000709600000, 0x0000000709800000|  0%| F|  |TAMS 0x0000000709600000, 0x0000000709600000| Untracked 
|  32|0x0000000709800000, 0x0000000709800000, 0x0000000709a00000|  0%| F|  |TAMS 0x0000000709800000, 0x0000000709800000| Untracked 
|  33|0x0000000709a00000, 0x0000000709a00000, 0x0000000709c00000|  0%| F|  |TAMS 0x0000000709a00000, 0x0000000709a00000| Untracked 
|  34|0x0000000709c00000, 0x0000000709c00000, 0x0000000709e00000|  0%| F|  |TAMS 0x0000000709c00000, 0x0000000709c00000| Untracked 
|  35|0x0000000709e00000, 0x0000000709e00000, 0x000000070a000000|  0%| F|  |TAMS 0x0000000709e00000, 0x0000000709e00000| Untracked 
|  36|0x000000070a000000, 0x000000070a000000, 0x000000070a200000|  0%| F|  |TAMS 0x000000070a000000, 0x000000070a000000| Untracked 
|  37|0x000000070a200000, 0x000000070a200000, 0x000000070a400000|  0%| F|  |TAMS 0x000000070a200000, 0x000000070a200000| Untracked 
|  38|0x000000070a400000, 0x000000070a400000, 0x000000070a600000|  0%| F|  |TAMS 0x000000070a400000, 0x000000070a400000| Untracked 
|  39|0x000000070a600000, 0x000000070a600000, 0x000000070a800000|  0%| F|  |TAMS 0x000000070a600000, 0x000000070a600000| Untracked 
|  40|0x000000070a800000, 0x000000070a800000, 0x000000070aa00000|  0%| F|  |TAMS 0x000000070a800000, 0x000000070a800000| Untracked 
|  41|0x000000070aa00000, 0x000000070aaa9c20, 0x000000070ac00000| 33%| S|CS|TAMS 0x000000070aa00000, 0x000000070aa00000| Complete 
|  42|0x000000070ac00000, 0x000000070ae00000, 0x000000070ae00000|100%| S|CS|TAMS 0x000000070ac00000, 0x000000070ac00000| Complete 
|  43|0x000000070ae00000, 0x000000070ae00000, 0x000000070b000000|  0%| F|  |TAMS 0x000000070ae00000, 0x000000070ae00000| Untracked 
|  44|0x000000070b000000, 0x000000070b000000, 0x000000070b200000|  0%| F|  |TAMS 0x000000070b000000, 0x000000070b000000| Untracked 
|  45|0x000000070b200000, 0x000000070b200000, 0x000000070b400000|  0%| F|  |TAMS 0x000000070b200000, 0x000000070b200000| Untracked 
|  46|0x000000070b400000, 0x000000070b400000, 0x000000070b600000|  0%| F|  |TAMS 0x000000070b400000, 0x000000070b400000| Untracked 
|  47|0x000000070b600000, 0x000000070b600000, 0x000000070b800000|  0%| F|  |TAMS 0x000000070b600000, 0x000000070b600000| Untracked 
|  48|0x000000070b800000, 0x000000070b800000, 0x000000070ba00000|  0%| F|  |TAMS 0x000000070b800000, 0x000000070b800000| Untracked 
|  49|0x000000070ba00000, 0x000000070ba00000, 0x000000070bc00000|  0%| F|  |TAMS 0x000000070ba00000, 0x000000070ba00000| Untracked 
|  50|0x000000070bc00000, 0x000000070bc00000, 0x000000070be00000|  0%| F|  |TAMS 0x000000070bc00000, 0x000000070bc00000| Untracked 
|  51|0x000000070be00000, 0x000000070be00000, 0x000000070c000000|  0%| F|  |TAMS 0x000000070be00000, 0x000000070be00000| Untracked 
|  52|0x000000070c000000, 0x000000070c000000, 0x000000070c200000|  0%| F|  |TAMS 0x000000070c000000, 0x000000070c000000| Untracked 
|  53|0x000000070c200000, 0x000000070c200000, 0x000000070c400000|  0%| F|  |TAMS 0x000000070c200000, 0x000000070c200000| Untracked 
|  54|0x000000070c400000, 0x000000070c400000, 0x000000070c600000|  0%| F|  |TAMS 0x000000070c400000, 0x000000070c400000| Untracked 
|  55|0x000000070c600000, 0x000000070c600000, 0x000000070c800000|  0%| F|  |TAMS 0x000000070c600000, 0x000000070c600000| Untracked 
|  56|0x000000070c800000, 0x000000070c800000, 0x000000070ca00000|  0%| F|  |TAMS 0x000000070c800000, 0x000000070c800000| Untracked 
|  57|0x000000070ca00000, 0x000000070ca00000, 0x000000070cc00000|  0%| F|  |TAMS 0x000000070ca00000, 0x000000070ca00000| Untracked 
|  58|0x000000070cc00000, 0x000000070cc00000, 0x000000070ce00000|  0%| F|  |TAMS 0x000000070cc00000, 0x000000070cc00000| Untracked 
|  59|0x000000070ce00000, 0x000000070ce00000, 0x000000070d000000|  0%| F|  |TAMS 0x000000070ce00000, 0x000000070ce00000| Untracked 
|  60|0x000000070d000000, 0x000000070d000000, 0x000000070d200000|  0%| F|  |TAMS 0x000000070d000000, 0x000000070d000000| Untracked 
|  61|0x000000070d200000, 0x000000070d200000, 0x000000070d400000|  0%| F|  |TAMS 0x000000070d200000, 0x000000070d200000| Untracked 
|  62|0x000000070d400000, 0x000000070d400000, 0x000000070d600000|  0%| F|  |TAMS 0x000000070d400000, 0x000000070d400000| Untracked 
|  63|0x000000070d600000, 0x000000070d600000, 0x000000070d800000|  0%| F|  |TAMS 0x000000070d600000, 0x000000070d600000| Untracked 
|  64|0x000000070d800000, 0x000000070d800000, 0x000000070da00000|  0%| F|  |TAMS 0x000000070d800000, 0x000000070d800000| Untracked 
|  65|0x000000070da00000, 0x000000070da00000, 0x000000070dc00000|  0%| F|  |TAMS 0x000000070da00000, 0x000000070da00000| Untracked 
|  66|0x000000070dc00000, 0x000000070dc00000, 0x000000070de00000|  0%| F|  |TAMS 0x000000070dc00000, 0x000000070dc00000| Untracked 
|  67|0x000000070de00000, 0x000000070de00000, 0x000000070e000000|  0%| F|  |TAMS 0x000000070de00000, 0x000000070de00000| Untracked 
|  68|0x000000070e000000, 0x000000070e000000, 0x000000070e200000|  0%| F|  |TAMS 0x000000070e000000, 0x000000070e000000| Untracked 
|  69|0x000000070e200000, 0x000000070e200000, 0x000000070e400000|  0%| F|  |TAMS 0x000000070e200000, 0x000000070e200000| Untracked 
|  70|0x000000070e400000, 0x000000070e58acf8, 0x000000070e600000| 77%| E|  |TAMS 0x000000070e400000, 0x000000070e400000| Complete 
|  71|0x000000070e600000, 0x000000070e800000, 0x000000070e800000|100%| E|CS|TAMS 0x000000070e600000, 0x000000070e600000| Complete 
|  72|0x000000070e800000, 0x000000070ea00000, 0x000000070ea00000|100%| E|CS|TAMS 0x000000070e800000, 0x000000070e800000| Complete 
|  73|0x000000070ea00000, 0x000000070ec00000, 0x000000070ec00000|100%| E|CS|TAMS 0x000000070ea00000, 0x000000070ea00000| Complete 
|  74|0x000000070ec00000, 0x000000070ee00000, 0x000000070ee00000|100%| E|CS|TAMS 0x000000070ec00000, 0x000000070ec00000| Complete 
|  75|0x000000070ee00000, 0x000000070f000000, 0x000000070f000000|100%| E|CS|TAMS 0x000000070ee00000, 0x000000070ee00000| Complete 
| 125|0x0000000715200000, 0x0000000715400000, 0x0000000715400000|100%| E|CS|TAMS 0x0000000715200000, 0x0000000715200000| Complete 
|2003|0x00000007ffe00000, 0x0000000800000000, 0x0000000800000000|100%| O|  |TAMS 0x0000000800000000, 0x00000007ffe00000| Untracked 

Card table byte_map: [0x00000200ba730000,0x00000200baf10000] _byte_map_base: 0x00000200b6f04000

Marking Bits (Prev, Next): (CMBitMap*) 0x00000200a2e7f240, (CMBitMap*) 0x00000200a2e7f280
 Prev Bits: [0x00000200bb6f0000, 0x00000200bf590000)
 Next Bits: [0x00000200bf590000, 0x00000200c3430000)

Polling page: 0x00000200a0d80000

Metaspace:

Usage:
  Non-class:     29.68 MB used.
      Class:      3.80 MB used.
       Both:     33.48 MB used.

Virtual space:
  Non-class space:       64.00 MB reserved,      29.94 MB ( 47%) committed,  1 nodes.
      Class space:        1.00 GB reserved,       3.94 MB ( <1%) committed,  1 nodes.
             Both:        1.06 GB reserved,      33.88 MB (  3%) committed. 

Chunk freelists:
   Non-Class:  2.05 MB
       Class:  12.09 MB
        Both:  14.14 MB

MaxMetaspaceSize: unlimited
CompressedClassSpaceSize: 1.00 GB
Initial GC threshold: 21.00 MB
Current GC threshold: 43.25 MB
CDS: on
MetaspaceReclaimPolicy: balanced
 - commit_granule_bytes: 65536.
 - commit_granule_words: 8192.
 - virtual_space_node_default_size: 8388608.
 - enlarge_chunks_in_place: 1.
 - new_chunks_are_fully_committed: 0.
 - uncommit_free_chunks: 1.
 - use_allocation_guard: 0.
 - handle_deallocations: 1.


Internal statistics:

num_allocs_failed_limit: 3.
num_arena_births: 218.
num_arena_deaths: 0.
num_vsnodes_births: 2.
num_vsnodes_deaths: 0.
num_space_committed: 542.
num_space_uncommitted: 0.
num_chunks_returned_to_freelist: 3.
num_chunks_taken_from_freelist: 1480.
num_chunk_merges: 0.
num_chunk_splits: 1022.
num_chunks_enlarged: 794.
num_inconsistent_stats: 0.

CodeHeap 'non-profiled nmethods': size=119168Kb used=4237Kb max_used=4237Kb free=114930Kb
 bounds [0x00000200b2260000, 0x00000200b2690000, 0x00000200b96c0000]
CodeHeap 'profiled nmethods': size=119104Kb used=15594Kb max_used=15594Kb free=103509Kb
 bounds [0x00000200aa6c0000, 0x00000200ab600000, 0x00000200b1b10000]
CodeHeap 'non-nmethods': size=7488Kb used=2937Kb max_used=2976Kb free=4551Kb
 bounds [0x00000200b1b10000, 0x00000200b1e00000, 0x00000200b2260000]
 total_blobs=7525 nmethods=6966 adapters=468
 compilation: enabled
              stopped_count=0, restarted_count=0
 full_count=0

Compilation events (20 events):
Event: 5.083 Thread 0x00000200c65d7c40 nmethod 7742 0x00000200ab5f9a90 code [0x00000200ab5f9c40, 0x00000200ab5f9e28]
Event: 5.083 Thread 0x00000200c5b3cec0 nmethod 7743 0x00000200ab5f9f10 code [0x00000200ab5fa0e0, 0x00000200ab5fa548]
Event: 5.083 Thread 0x00000200c5b3cec0 7745       3       java.lang.ProcessEnvironment$CheckedEntry::getKey (13 bytes)
Event: 5.083 Thread 0x00000200c5b8e490 7746       3       java.lang.ProcessEnvironment$CheckedEntry::getKey (5 bytes)
Event: 5.083 Thread 0x00000200c65e08b0 nmethod 7744 0x00000200ab5fa690 code [0x00000200ab5fa820, 0x00000200ab5fa9d8]
Event: 5.083 Thread 0x00000200c5b3cec0 nmethod 7745 0x00000200ab5faa90 code [0x00000200ab5fac40, 0x00000200ab5faf08]
Event: 5.083 Thread 0x00000200c5b8e490 nmethod 7746 0x00000200ab5fb010 code [0x00000200ab5fb1c0, 0x00000200ab5fb508]
Event: 5.083 Thread 0x00000200c65e08b0 7747       3       java.lang.ProcessEnvironment$CheckedEntry::getValue (13 bytes)
Event: 5.083 Thread 0x00000200c65e08b0 nmethod 7747 0x00000200ab5fb610 code [0x00000200ab5fb7c0, 0x00000200ab5fba88]
Event: 5.090 Thread 0x00000200c5b3cec0 7749       3       jdk.internal.misc.Unsafe::ensureClassInitialized (18 bytes)
Event: 5.090 Thread 0x00000200c5b3cec0 nmethod 7749 0x00000200ab5fbb90 code [0x00000200ab5fbd40, 0x00000200ab5fbf78]
Event: 5.096 Thread 0x000002010eaef820 7751       4       java.util.zip.ZipUtils::CENATX_PERMS (9 bytes)
Event: 5.096 Thread 0x000002010eaef820 nmethod 7751 0x00000200b2683290 code [0x00000200b2683400, 0x00000200b26834b8]
Event: 5.098 Thread 0x000002010eaf0810 7752       4       org.codehaus.plexus.classworlds.realm.ClassRealm::loadClass (7 bytes)
Event: 5.102 Thread 0x00000200c5b3cec0 7753       3       java.lang.invoke.LambdaFormEditor$TransformKey::bval (26 bytes)
Event: 5.102 Thread 0x00000200c5b3cec0 nmethod 7753 0x00000200aa7fdd10 code [0x00000200aa7fdea0, 0x00000200aa7fdf98]
Event: 5.103 Thread 0x00000200c5b3cec0 7754       3       java.util.zip.CRC32::update (51 bytes)
Event: 5.104 Thread 0x00000200c5b3cec0 nmethod 7754 0x00000200ab5fc090 code [0x00000200ab5fc280, 0x00000200ab5fc708]
Event: 5.104 Thread 0x00000200c65e08b0 7755       3       java.lang.AbstractStringBuilder::append (45 bytes)
Event: 5.104 Thread 0x00000200c65e08b0 nmethod 7755 0x00000200ab5fc910 code [0x00000200ab5fcae0, 0x00000200ab5fce28]

GC Heap History (20 events):
Event: 0.878 GC heap before
{Heap before GC invocations=1 (full 0):
 garbage-first heap   total 258048K, used 38597K [0x0000000705800000, 0x0000000800000000)
  region size 2048K, 19 young (38912K), 2 survivors (4096K)
 Metaspace       used 9588K, committed 9792K, reserved 1114112K
  class space    used 1144K, committed 1280K, reserved 1048576K
}
Event: 0.881 GC heap after
{Heap after GC invocations=2 (full 0):
 garbage-first heap   total 258048K, used 5170K [0x0000000705800000, 0x0000000800000000)
  region size 2048K, 1 young (2048K), 1 survivors (2048K)
 Metaspace       used 9588K, committed 9792K, reserved 1114112K
  class space    used 1144K, committed 1280K, reserved 1048576K
}
Event: 2.783 GC heap before
{Heap before GC invocations=2 (full 0):
 garbage-first heap   total 258048K, used 142386K [0x0000000705800000, 0x0000000800000000)
  region size 2048K, 69 young (141312K), 1 survivors (2048K)
 Metaspace       used 21227K, committed 21504K, reserved 1114112K
  class space    used 2463K, committed 2560K, reserved 1048576K
}
Event: 2.790 GC heap after
{Heap after GC invocations=3 (full 0):
 garbage-first heap   total 258048K, used 13595K [0x0000000705800000, 0x0000000800000000)
  region size 2048K, 5 young (10240K), 5 survivors (10240K)
 Metaspace       used 21227K, committed 21504K, reserved 1114112K
  class space    used 2463K, committed 2560K, reserved 1048576K
}
Event: 3.109 GC heap before
{Heap before GC invocations=4 (full 0):
 garbage-first heap   total 55296K, used 36123K [0x0000000705800000, 0x0000000800000000)
  region size 2048K, 16 young (32768K), 5 survivors (10240K)
 Metaspace       used 25741K, committed 25984K, reserved 1114112K
  class space    used 2957K, committed 3072K, reserved 1048576K
}
Event: 3.118 GC heap after
{Heap after GC invocations=5 (full 0):
 garbage-first heap   total 57344K, used 23504K [0x0000000705800000, 0x0000000800000000)
  region size 2048K, 2 young (4096K), 2 survivors (4096K)
 Metaspace       used 25741K, committed 25984K, reserved 1114112K
  class space    used 2957K, committed 3072K, reserved 1048576K
}
Event: 3.141 GC heap before
{Heap before GC invocations=5 (full 0):
 garbage-first heap   total 57344K, used 25552K [0x0000000705800000, 0x0000000800000000)
  region size 2048K, 3 young (6144K), 2 survivors (4096K)
 Metaspace       used 25748K, committed 26048K, reserved 1114112K
  class space    used 2957K, committed 3072K, reserved 1048576K
}
Event: 3.145 GC heap after
{Heap after GC invocations=6 (full 0):
 garbage-first heap   total 57344K, used 25423K [0x0000000705800000, 0x0000000800000000)
  region size 2048K, 1 young (2048K), 1 survivors (2048K)
 Metaspace       used 25748K, committed 26048K, reserved 1114112K
  class space    used 2957K, committed 3072K, reserved 1048576K
}
Event: 3.204 GC heap before
{Heap before GC invocations=6 (full 0):
 garbage-first heap   total 57344K, used 39759K [0x0000000705800000, 0x0000000800000000)
  region size 2048K, 8 young (16384K), 1 survivors (2048K)
 Metaspace       used 25761K, committed 26048K, reserved 1114112K
  class space    used 2957K, committed 3072K, reserved 1048576K
}
Event: 3.207 GC heap after
{Heap after GC invocations=7 (full 0):
 garbage-first heap   total 57344K, used 31292K [0x0000000705800000, 0x0000000800000000)
  region size 2048K, 1 young (2048K), 1 survivors (2048K)
 Metaspace       used 25761K, committed 26048K, reserved 1114112K
  class space    used 2957K, committed 3072K, reserved 1048576K
}
Event: 3.291 GC heap before
{Heap before GC invocations=7 (full 0):
 garbage-first heap   total 57344K, used 39484K [0x0000000705800000, 0x0000000800000000)
  region size 2048K, 5 young (10240K), 1 survivors (2048K)
 Metaspace       used 26255K, committed 26560K, reserved 1114112K
  class space    used 3018K, committed 3136K, reserved 1048576K
}
Event: 3.294 GC heap after
{Heap after GC invocations=8 (full 0):
 garbage-first heap   total 157696K, used 33367K [0x0000000705800000, 0x0000000800000000)
  region size 2048K, 1 young (2048K), 1 survivors (2048K)
 Metaspace       used 26255K, committed 26560K, reserved 1114112K
  class space    used 3018K, committed 3136K, reserved 1048576K
}
Event: 3.973 GC heap before
{Heap before GC invocations=9 (full 0):
 garbage-first heap   total 122880K, used 96855K [0x0000000705800000, 0x0000000800000000)
  region size 2048K, 33 young (67584K), 1 survivors (2048K)
 Metaspace       used 29423K, committed 29824K, reserved 1114112K
  class space    used 3364K, committed 3520K, reserved 1048576K
}
Event: 3.984 GC heap after
{Heap after GC invocations=10 (full 0):
 garbage-first heap   total 122880K, used 46411K [0x0000000705800000, 0x0000000800000000)
  region size 2048K, 5 young (10240K), 5 survivors (10240K)
 Metaspace       used 29423K, committed 29824K, reserved 1114112K
  class space    used 3364K, committed 3520K, reserved 1048576K
}
Event: 4.243 GC heap before
{Heap before GC invocations=10 (full 0):
 garbage-first heap   total 122880K, used 77131K [0x0000000705800000, 0x0000000800000000)
  region size 2048K, 21 young (43008K), 5 survivors (10240K)
 Metaspace       used 29969K, committed 30336K, reserved 1114112K
  class space    used 3415K, committed 3584K, reserved 1048576K
}
Event: 4.252 GC heap after
{Heap after GC invocations=11 (full 0):
 garbage-first heap   total 122880K, used 55752K [0x0000000705800000, 0x0000000800000000)
  region size 2048K, 3 young (6144K), 3 survivors (6144K)
 Metaspace       used 29969K, committed 30336K, reserved 1114112K
  class space    used 3415K, committed 3584K, reserved 1048576K
}
Event: 4.531 GC heap before
{Heap before GC invocations=11 (full 0):
 garbage-first heap   total 122880K, used 82376K [0x0000000705800000, 0x0000000800000000)
  region size 2048K, 17 young (34816K), 3 survivors (6144K)
 Metaspace       used 31272K, committed 31616K, reserved 1114112K
  class space    used 3574K, committed 3712K, reserved 1048576K
}
Event: 4.537 GC heap after
{Heap after GC invocations=12 (full 0):
 garbage-first heap   total 122880K, used 55711K [0x0000000705800000, 0x0000000800000000)
  region size 2048K, 1 young (2048K), 1 survivors (2048K)
 Metaspace       used 31272K, committed 31616K, reserved 1114112K
  class space    used 3574K, committed 3712K, reserved 1048576K
}
Event: 4.961 GC heap before
{Heap before GC invocations=12 (full 0):
 garbage-first heap   total 122880K, used 86431K [0x0000000705800000, 0x0000000800000000)
  region size 2048K, 16 young (32768K), 1 survivors (2048K)
 Metaspace       used 32705K, committed 33152K, reserved 1114112K
  class space    used 3701K, committed 3904K, reserved 1048576K
}
Event: 4.965 GC heap after
{Heap after GC invocations=13 (full 0):
 garbage-first heap   total 159744K, used 56924K [0x0000000705800000, 0x0000000800000000)
  region size 2048K, 2 young (4096K), 2 survivors (4096K)
 Metaspace       used 32705K, committed 33152K, reserved 1114112K
  class space    used 3701K, committed 3904K, reserved 1048576K
}

Deoptimization events (20 events):
Event: 5.103 Thread 0x000002010eb2d8d0 Uncommon trap: trap_request=0xffffff45 fr.pc=0x00000200b228d9b8 relative=0x00000000000004f8
Event: 5.103 Thread 0x000002010eb2d8d0 Uncommon trap: reason=unstable_if action=reinterpret pc=0x00000200b228d9b8 method=java.lang.AbstractStringBuilder.putStringAt(ILjava/lang/String;II)V @ 8 c2
Event: 5.103 Thread 0x000002010eb2d8d0 DEOPT PACKING pc=0x00000200b228d9b8 sp=0x000000be8a9ff2a0
Event: 5.103 Thread 0x000002010eb2d8d0 DEOPT UNPACKING pc=0x00000200b1b623a3 sp=0x000000be8a9ff128 mode 2
Event: 5.103 Thread 0x000002010eb2d8d0 Uncommon trap: trap_request=0xffffff45 fr.pc=0x00000200b228a130 relative=0x00000000000004f0
Event: 5.103 Thread 0x000002010eb2d8d0 Uncommon trap: reason=unstable_if action=reinterpret pc=0x00000200b228a130 method=java.lang.AbstractStringBuilder.putStringAt(ILjava/lang/String;II)V @ 8 c2
Event: 5.103 Thread 0x000002010eb2d8d0 DEOPT PACKING pc=0x00000200b228a130 sp=0x000000be8a9ff230
Event: 5.103 Thread 0x000002010eb2d8d0 DEOPT UNPACKING pc=0x00000200b1b623a3 sp=0x000000be8a9ff120 mode 2
Event: 5.103 Thread 0x000002010eb2d8d0 Uncommon trap: trap_request=0xffffff45 fr.pc=0x00000200b2289900 relative=0x0000000000000100
Event: 5.103 Thread 0x000002010eb2d8d0 Uncommon trap: reason=unstable_if action=reinterpret pc=0x00000200b2289900 method=java.lang.String.getBytes([BIIBI)V @ 6 c2
Event: 5.103 Thread 0x000002010eb2d8d0 DEOPT PACKING pc=0x00000200b2289900 sp=0x000000be8a9ff0c0
Event: 5.103 Thread 0x000002010eb2d8d0 DEOPT UNPACKING pc=0x00000200b1b623a3 sp=0x000000be8a9ff088 mode 2
Event: 5.103 Thread 0x000002010eb2d8d0 Uncommon trap: trap_request=0xffffff45 fr.pc=0x00000200b22b1500 relative=0x00000000000003e0
Event: 5.103 Thread 0x000002010eb2d8d0 Uncommon trap: reason=unstable_if action=reinterpret pc=0x00000200b22b1500 method=java.lang.StringBuilder.toString()Ljava/lang/String; @ 4 c2
Event: 5.103 Thread 0x000002010eb2d8d0 DEOPT PACKING pc=0x00000200b22b1500 sp=0x000000be8a9ff2b0
Event: 5.103 Thread 0x000002010eb2d8d0 DEOPT UNPACKING pc=0x00000200b1b623a3 sp=0x000000be8a9ff290 mode 2
Event: 5.121 Thread 0x000002010cba14c0 Uncommon trap: trap_request=0xffffffde fr.pc=0x00000200b25982d8 relative=0x0000000000000138
Event: 5.121 Thread 0x000002010cba14c0 Uncommon trap: reason=class_check action=maybe_recompile pc=0x00000200b25982d8 method=java.util.concurrent.locks.AbstractQueuedSynchronizer.acquire(I)V @ 2 c2
Event: 5.121 Thread 0x000002010cba14c0 DEOPT PACKING pc=0x00000200b25982d8 sp=0x000000be8a6ff3c0
Event: 5.121 Thread 0x000002010cba14c0 DEOPT UNPACKING pc=0x00000200b1b623a3 sp=0x000000be8a6ff398 mode 2

Classes unloaded (0 events):
No events

Classes redefined (0 events):
No events

Internal exceptions (20 events):
Event: 4.466 Thread 0x00000200a2e156b0 Exception <a 'sun/nio/fs/WindowsException'{0x000000070b7eeaf8}> (0x000000070b7eeaf8) 
thrown [s\open\src\hotspot\share\prims\jni.cpp, line 516]
Event: 4.467 Thread 0x00000200a2e156b0 Exception <a 'sun/nio/fs/WindowsException'{0x000000070b7f0520}> (0x000000070b7f0520) 
thrown [s\open\src\hotspot\share\prims\jni.cpp, line 516]
Event: 4.467 Thread 0x00000200a2e156b0 Exception <a 'sun/nio/fs/WindowsException'{0x000000070b7f08d0}> (0x000000070b7f08d0) 
thrown [s\open\src\hotspot\share\prims\jni.cpp, line 516]
Event: 4.467 Thread 0x00000200a2e156b0 Exception <a 'sun/nio/fs/WindowsException'{0x000000070b7f3910}> (0x000000070b7f3910) 
thrown [s\open\src\hotspot\share\prims\jni.cpp, line 516]
Event: 4.467 Thread 0x00000200a2e156b0 Exception <a 'sun/nio/fs/WindowsException'{0x000000070b7f3c70}> (0x000000070b7f3c70) 
thrown [s\open\src\hotspot\share\prims\jni.cpp, line 516]
Event: 4.469 Thread 0x00000200a2e156b0 Exception <a 'sun/nio/fs/WindowsException'{0x000000070b7f86b0}> (0x000000070b7f86b0) 
thrown [s\open\src\hotspot\share\prims\jni.cpp, line 516]
Event: 4.469 Thread 0x00000200a2e156b0 Exception <a 'sun/nio/fs/WindowsException'{0x000000070b7f8a58}> (0x000000070b7f8a58) 
thrown [s\open\src\hotspot\share\prims\jni.cpp, line 516]
Event: 4.469 Thread 0x00000200a2e156b0 Exception <a 'sun/nio/fs/WindowsException'{0x000000070b7fa540}> (0x000000070b7fa540) 
thrown [s\open\src\hotspot\share\prims\jni.cpp, line 516]
Event: 4.469 Thread 0x00000200a2e156b0 Exception <a 'sun/nio/fs/WindowsException'{0x000000070b7fa9b0}> (0x000000070b7fa9b0) 
thrown [s\open\src\hotspot\share\prims\jni.cpp, line 516]
Event: 4.478 Thread 0x00000200a2e156b0 Exception <a 'sun/nio/fs/WindowsException'{0x000000070b4a42e0}> (0x000000070b4a42e0) 
thrown [s\open\src\hotspot\share\prims\jni.cpp, line 516]
Event: 4.478 Thread 0x00000200a2e156b0 Exception <a 'sun/nio/fs/WindowsException'{0x000000070b4a4998}> (0x000000070b4a4998) 
thrown [s\open\src\hotspot\share\prims\jni.cpp, line 516]
Event: 4.478 Thread 0x00000200a2e156b0 Exception <a 'sun/nio/fs/WindowsException'{0x000000070b4a5218}> (0x000000070b4a5218) 
thrown [s\open\src\hotspot\share\prims\jni.cpp, line 516]
Event: 4.478 Thread 0x00000200a2e156b0 Exception <a 'sun/nio/fs/WindowsException'{0x000000070b4a5970}> (0x000000070b4a5970) 
thrown [s\open\src\hotspot\share\prims\jni.cpp, line 516]
Event: 4.511 Thread 0x00000200a2e156b0 Implicit null exception at 0x00000200b24be994 to 0x00000200b24c3708
Event: 4.886 Thread 0x000002010cba1ee0 Exception <a 'java/lang/NoSuchMethodError'{0x000000070b2aed88}: 'java.lang.Object java.lang.invoke.DirectMethodHandle$Holder.invokeStaticInit(java.lang.Object, java.lang.Object, long, java.lang.Object)'> (0x000000070b2aed88) 
thrown [s\open\src\hotspot\share\interpreter\linkResolver.cpp, line 759]
Event: 4.887 Thread 0x000002010cba1ee0 Exception <a 'java/lang/NoSuchMethodError'{0x000000070b2b53d0}: 'java.lang.Object java.lang.invoke.DirectMethodHandle$Holder.newInvokeSpecial(java.lang.Object, java.lang.Object, long)'> (0x000000070b2b53d0) 
thrown [s\open\src\hotspot\share\interpreter\linkResolver.cpp, line 759]
Event: 4.887 Thread 0x000002010cba1ee0 Exception <a 'java/lang/NoSuchMethodError'{0x000000070b2b8f40}: 'java.lang.Object java.lang.invoke.Invokers$Holder.linkToTargetMethod(java.lang.Object, long, java.lang.Object)'> (0x000000070b2b8f40) 
thrown [s\open\src\hotspot\share\interpreter\linkResolver.cpp, line 759]
Event: 4.955 Thread 0x00000200a2e156b0 Exception <a 'java/lang/NoSuchMethodError'{0x000000070af48d98}: 'java.lang.Object java.lang.invoke.DirectMethodHandle$Holder.invokeStaticInit(java.lang.Object, java.lang.Object, int, int, int, int)'> (0x000000070af48d98) 
thrown [s\open\src\hotspot\share\interpreter\linkResolver.cpp, line 759]
Event: 5.090 Thread 0x00000200a2e156b0 Exception <a 'java/lang/NoSuchMethodError'{0x000000070e9f51d0}: 'void java.lang.invoke.DirectMethodHandle$Holder.invokeStatic(java.lang.Object, long)'> (0x000000070e9f51d0) 
thrown [s\open\src\hotspot\share\interpreter\linkResolver.cpp, line 759]
Event: 5.090 Thread 0x00000200a2e156b0 Exception <a 'java/lang/NoSuchMethodError'{0x000000070e9fa820}: 'java.lang.Object java.lang.invoke.DirectMethodHandle$Holder.newInvokeSpecial(java.lang.Object, long)'> (0x000000070e9fa820) 
thrown [s\open\src\hotspot\share\interpreter\linkResolver.cpp, line 759]

VM Operations (20 events):
Event: 4.961 Executing VM operation: G1CollectForAllocation
Event: 4.965 Executing VM operation: G1CollectForAllocation done
Event: 5.018 Executing VM operation: HandshakeAllThreads
Event: 5.018 Executing VM operation: HandshakeAllThreads done
Event: 5.019 Executing VM operation: HandshakeAllThreads
Event: 5.019 Executing VM operation: HandshakeAllThreads done
Event: 5.038 Executing VM operation: HandshakeAllThreads
Event: 5.038 Executing VM operation: HandshakeAllThreads done
Event: 5.046 Executing VM operation: HandshakeAllThreads
Event: 5.046 Executing VM operation: HandshakeAllThreads done
Event: 5.047 Executing VM operation: HandshakeAllThreads
Event: 5.047 Executing VM operation: HandshakeAllThreads done
Event: 5.080 Executing VM operation: HandshakeAllThreads
Event: 5.080 Executing VM operation: HandshakeAllThreads done
Event: 5.091 Executing VM operation: HandshakeAllThreads
Event: 5.091 Executing VM operation: HandshakeAllThreads done
Event: 5.093 Executing VM operation: HandshakeAllThreads
Event: 5.093 Executing VM operation: HandshakeAllThreads done
Event: 5.094 Executing VM operation: HandshakeAllThreads
Event: 5.094 Executing VM operation: HandshakeAllThreads done

Events (20 events):
Event: 5.082 loading class java/lang/ProcessImpl done
Event: 5.091 loading class java/lang/ProcessImpl$2
Event: 5.091 loading class java/lang/ProcessImpl$2 done
Event: 5.091 loading class java/lang/Process$PipeInputStream
Event: 5.091 loading class java/lang/Process$PipeInputStream done
Event: 5.092 loading class jdk/internal/event/ProcessStartEvent
Event: 5.092 loading class jdk/internal/event/ProcessStartEvent done
Event: 5.092 loading class java/nio/channels/ClosedChannelException
Event: 5.092 loading class java/nio/channels/ClosedChannelException done
Event: 5.093 loading class java/nio/channels/NonReadableChannelException
Event: 5.093 loading class java/nio/channels/NonReadableChannelException done
Event: 5.094 loading class java/nio/channels/NonWritableChannelException
Event: 5.094 loading class java/nio/channels/NonWritableChannelException done
Event: 5.100 Thread 0x000002010eb2d8d0 Thread added: 0x000002010eb2d8d0
Event: 5.100 Thread 0x000002010eb27db0 Thread added: 0x000002010eb27db0
Event: 5.100 loading class java/util/Scanner
Event: 5.101 loading class java/util/Scanner done
Event: 5.102 loading class java/util/Scanner$PatternLRUCache
Event: 5.102 loading class java/util/Scanner$PatternLRUCache done
Event: 5.105 Thread 0x000002010eb2e800 Thread added: 0x000002010eb2e800


Dynamic libraries:
0x00007ff6bcca0000 - 0x00007ff6bccb0000 	C:\Program Files\Java\jdk-17\bin\java.exe
0x00007ffa28eb0000 - 0x00007ffa290c7000 	C:\windows\SYSTEM32\ntdll.dll
0x00007ffa279d0000 - 0x00007ffa27a94000 	C:\windows\System32\KERNEL32.DLL
0x00007ffa26480000 - 0x00007ffa26852000 	C:\windows\System32\KERNELBASE.dll
0x00007ffa1d270000 - 0x00007ffa1d307000 	C:\windows\SYSTEM32\apphelp.dll
0x00007ffa26100000 - 0x00007ffa26211000 	C:\windows\System32\ucrtbase.dll
0x00007ffa052d0000 - 0x00007ffa052e9000 	C:\Program Files\Java\jdk-17\bin\jli.dll
0x00007ffa01680000 - 0x00007ffa0169b000 	C:\Program Files\Java\jdk-17\bin\VCRUNTIME140.dll
0x00007ffa275a0000 - 0x00007ffa27651000 	C:\windows\System32\ADVAPI32.dll
0x00007ffa28b50000 - 0x00007ffa28bf7000 	C:\windows\System32\msvcrt.dll
0x00007ffa27120000 - 0x00007ffa271c8000 	C:\windows\System32\sechost.dll
0x00007ffa25fa0000 - 0x00007ffa25fc8000 	C:\windows\System32\bcrypt.dll
0x00007ffa27660000 - 0x00007ffa27774000 	C:\windows\System32\RPCRT4.dll
0x00007ffa28c00000 - 0x00007ffa28db1000 	C:\windows\System32\USER32.dll
0x00007ffa26b10000 - 0x00007ffa26b36000 	C:\windows\System32\win32u.dll
0x00007ffa284a0000 - 0x00007ffa284c9000 	C:\windows\System32\GDI32.dll
0x00007ffa07690000 - 0x00007ffa0792b000 	C:\windows\WinSxS\amd64_microsoft.windows.common-controls_6595b64144ccf1df_6.0.22621.5547_none_27104afb73855772\COMCTL32.dll
0x00007ffa25fd0000 - 0x00007ffa260f3000 	C:\windows\System32\gdi32full.dll
0x00007ffa26220000 - 0x00007ffa262ba000 	C:\windows\System32\msvcp_win.dll
0x00007ffa18b30000 - 0x00007ffa18b3a000 	C:\windows\SYSTEM32\VERSION.dll
0x00007ffa28870000 - 0x00007ffa288a1000 	C:\windows\System32\IMM32.DLL
0x00007ffa17480000 - 0x00007ffa1748c000 	C:\Program Files\Java\jdk-17\bin\vcruntime140_1.dll
0x00007ffa015f0000 - 0x00007ffa0167e000 	C:\Program Files\Java\jdk-17\bin\msvcp140.dll
0x00007ff984020000 - 0x00007ff984c00000 	C:\Program Files\Java\jdk-17\bin\server\jvm.dll
0x00007ffa279c0000 - 0x00007ffa279c8000 	C:\windows\System32\PSAPI.DLL
0x00007ffa1c770000 - 0x00007ffa1c7a4000 	C:\windows\SYSTEM32\WINMM.dll
0x00007ffa0afe0000 - 0x00007ffa0afe9000 	C:\windows\SYSTEM32\WSOCK32.dll
0x00007ffa288b0000 - 0x00007ffa28921000 	C:\windows\System32\WS2_32.dll
0x00007ffa25090000 - 0x00007ffa250a8000 	C:\windows\SYSTEM32\kernel.appcore.dll
0x00007ffa06020000 - 0x00007ffa0602a000 	C:\Program Files\Java\jdk-17\bin\jimage.dll
0x00007ffa23700000 - 0x00007ffa23933000 	C:\windows\SYSTEM32\DBGHELP.DLL
0x00007ffa284d0000 - 0x00007ffa28863000 	C:\windows\System32\combase.dll
0x00007ffa27870000 - 0x00007ffa27947000 	C:\windows\System32\OLEAUT32.dll
0x00007ffa194b0000 - 0x00007ffa194e2000 	C:\windows\SYSTEM32\dbgcore.DLL
0x00007ffa26920000 - 0x00007ffa2699b000 	C:\windows\System32\bcryptPrimitives.dll
0x00007ffa0a220000 - 0x00007ffa0a22e000 	C:\Program Files\Java\jdk-17\bin\instrument.dll
0x00007ffa01560000 - 0x00007ffa01585000 	C:\Program Files\Java\jdk-17\bin\java.dll
0x00007ff9ee850000 - 0x00007ff9ee927000 	C:\Program Files\Java\jdk-17\bin\jsvml.dll
0x00007ffa27bf0000 - 0x00007ffa28492000 	C:\windows\System32\SHELL32.dll
0x00007ffa262c0000 - 0x00007ffa263ff000 	C:\windows\System32\wintypes.dll
0x00007ffa23e90000 - 0x00007ffa247ad000 	C:\windows\SYSTEM32\windows.storage.dll
0x00007ffa27aa0000 - 0x00007ffa27bac000 	C:\windows\System32\SHCORE.dll
0x00007ffa27800000 - 0x00007ffa27869000 	C:\windows\System32\shlwapi.dll
0x00007ffa25ed0000 - 0x00007ffa25efb000 	C:\windows\SYSTEM32\profapi.dll
0x00007ffa01520000 - 0x00007ffa01538000 	C:\Program Files\Java\jdk-17\bin\zip.dll
0x00007ffa015d0000 - 0x00007ffa015e9000 	C:\Program Files\Java\jdk-17\bin\net.dll
0x00007ffa1f4b0000 - 0x00007ffa1f5dc000 	C:\windows\SYSTEM32\WINHTTP.dll
0x00007ffa25520000 - 0x00007ffa25589000 	C:\windows\system32\mswsock.dll
0x00007ffa01540000 - 0x00007ffa01556000 	C:\Program Files\Java\jdk-17\bin\nio.dll
0x00007ffa05320000 - 0x00007ffa05344000 	C:\Users\reach\AppData\Local\Temp\jansi-2.4.1-cf6ed4a332ce0b59-jansi.dll
0x00007ffa05020000 - 0x00007ffa05030000 	C:\Program Files\Java\jdk-17\bin\verify.dll
0x00007ffa251b0000 - 0x00007ffa251e4000 	C:\windows\SYSTEM32\ntmarta.dll
0x00007ffa257a0000 - 0x00007ffa257bb000 	C:\windows\SYSTEM32\CRYPTSP.dll
0x00007ffa24ff0000 - 0x00007ffa25027000 	C:\windows\system32\rsaenh.dll
0x00007ffa25630000 - 0x00007ffa25658000 	C:\windows\SYSTEM32\USERENV.dll
0x00007ffa25790000 - 0x00007ffa2579c000 	C:\windows\SYSTEM32\CRYPTBASE.dll
0x00007ffa24ac0000 - 0x00007ffa24aed000 	C:\windows\SYSTEM32\IPHLPAPI.DLL
0x00007ffa27be0000 - 0x00007ffa27be9000 	C:\windows\System32\NSI.dll
0x00007ffa1e2a0000 - 0x00007ffa1e2b9000 	C:\windows\SYSTEM32\dhcpcsvc6.DLL
0x00007ffa1e080000 - 0x00007ffa1e09f000 	C:\windows\SYSTEM32\dhcpcsvc.DLL
0x00007ffa24af0000 - 0x00007ffa24be8000 	C:\windows\SYSTEM32\DNSAPI.dll

dbghelp: loaded successfully - version: 4.0.5 - missing functions: none
symbol engine: initialized successfully - sym options: 0x614 - pdb path: .;C:\Program Files\Java\jdk-17\bin;C:\windows\SYSTEM32;C:\windows\WinSxS\amd64_microsoft.windows.common-controls_6595b64144ccf1df_6.0.22621.5547_none_27104afb73855772;C:\Program Files\Java\jdk-17\bin\server;C:\Users\reach\AppData\Local\Temp

VM Arguments:
jvm_args: -Dmaven.multiModuleProjectDirectory=E:\Manasa\Interview\Selenium_Java_Automation\Exact_Automation_Assesment -Djansi.passthrough=true -Dmaven.home=C:/Program Files/JetBrains/IntelliJ IDEA Community Edition 2025.1.3/plugins/maven/lib/maven3 -Dclassworlds.conf=C:\Program Files\JetBrains\IntelliJ IDEA Community Edition 2025.1.3\plugins\maven\lib\maven3\bin\m2.conf -Dmaven.ext.class.path=C:\Program Files\JetBrains\IntelliJ IDEA Community Edition 2025.1.3\plugins\maven\lib\maven-event-listener.jar -javaagent:C:\Program Files\JetBrains\IntelliJ IDEA Community Edition 2025.1.3\lib\idea_rt.jar=63724 -Dfile.encoding=UTF-8 
java_command: org.codehaus.classworlds.Launcher -Didea.version=2025.1.3 clean install
java_class_path (initial): C:\Program Files\JetBrains\IntelliJ IDEA Community Edition 2025.1.3\plugins\maven\lib\maven3\boot\plexus-classworlds-2.8.0.jar;C:\Program Files\JetBrains\IntelliJ IDEA Community Edition 2025.1.3\plugins\maven\lib\maven3\boot\plexus-classworlds.license
Launcher Type: SUN_STANDARD

[Global flags]
     intx CICompilerCount                          = 12                                        {product} {ergonomic}
     uint ConcGCThreads                            = 3                                         {product} {ergonomic}
     uint G1ConcRefinementThreads                  = 13                                        {product} {ergonomic}
   size_t G1HeapRegionSize                         = 2097152                                   {product} {ergonomic}
    uintx GCDrainStackTargetSize                   = 64                                        {product} {ergonomic}
   size_t InitialHeapSize                          = 264241152                                 {product} {ergonomic}
   size_t MarkStackSize                            = 4194304                                   {product} {ergonomic}
   size_t MaxHeapSize                              = 4202692608                                {product} {ergonomic}
   size_t MaxNewSize                               = 2520776704                                {product} {ergonomic}
   size_t MinHeapDeltaBytes                        = 2097152                                   {product} {ergonomic}
   size_t MinHeapSize                              = 8388608                                   {product} {ergonomic}
    uintx NonNMethodCodeHeapSize                   = 7602480                                {pd product} {ergonomic}
    uintx NonProfiledCodeHeapSize                  = 122027880                              {pd product} {ergonomic}
    uintx ProfiledCodeHeapSize                     = 122027880                              {pd product} {ergonomic}
    uintx ReservedCodeCacheSize                    = 251658240                              {pd product} {ergonomic}
     bool SegmentedCodeCache                       = true                                      {product} {ergonomic}
   size_t SoftMaxHeapSize                          = 4202692608                             {manageable} {ergonomic}
     bool UseCompressedClassPointers               = true                           {product lp64_product} {ergonomic}
     bool UseCompressedOops                        = true                           {product lp64_product} {ergonomic}
     bool UseG1GC                                  = true                                      {product} {ergonomic}
     bool UseLargePagesIndividualAllocation        = false                                  {pd product} {ergonomic}

Logging:
Log output configuration:
 #0: stdout all=warning uptime,level,tags
 #1: stderr all=off uptime,level,tags

Environment Variables:
JAVA_HOME=C:\Program Files\Java\jdk-17
PATH=C:\Program Files\Common Files\Oracle\Java\javapath;C:\windows\system32;C:\windows;C:\windows\System32\Wbem;C:\windows\System32\WindowsPowerShell\v1.0\;C:\windows\System32\OpenSSH\;%JAVA_HOME%\bin;C:\Program Files\apache-maven-3.8.8\bin;C:\Program Files\Git\cmd;C:\Program Files\nodejs\;C:\Users\reach\AppData\Local\Programs\Python\Launcher\;C:\Users\reach\AppData\Local\Microsoft\WindowsApps;C:\Users\reach\AppData\Local\Programs\Microsoft VS Code\bin;C:\Users\reach\AppData\Roaming\npm
USERNAME=reach
OS=Windows_NT
PROCESSOR_IDENTIFIER=Intel64 Family 6 Model 186 Stepping 2, GenuineIntel



---------------  S Y S T E M  ---------------

OS:
 Windows 11 , 64 bit Build 22621 (10.0.22621.5415)
OS uptime: 3 days 14:58 hours
Hyper-V role detected

CPU: total 16 (initial active 16) (8 cores per cpu, 2 threads per core) family 6 model 186 stepping 2 microcode 0x4114, cx8, cmov, fxsr, ht, mmx, 3dnowpref, sse, sse2, sse3, ssse3, sse4.1, sse4.2, popcnt, lzcnt, tsc, tscinvbit, avx, avx2, aes, erms, clmul, bmi1, bmi2, adx, sha, fma, vzeroupper, clflush, clflushopt, clwb, hv

Memory: 4k page, system-wide physical 16024M (1442M free)
TotalPageFile size 24575M (AvailPageFile size 3M)
current process WorkingSet (physical memory assigned to process): 339M, peak: 339M
current process commit charge ("private bytes"): 410M, peak: 425M

vm_info: Java HotSpot(TM) 64-Bit Server VM (17.0.11+7-LTS-207) for windows-amd64 JRE (17.0.11+7-LTS-207), built on Mar 11 2024 19:01:50 by "mach5one" with MS VC++ 17.6 (VS2022)

END.
